{"/home/zeilotech/Desktop/Microverse/NodeJS/vidly/index.js": {"path":"/home/zeilotech/Desktop/Microverse/NodeJS/vidly/index.js","statementMap":{"0":{"start":{"line":1,"column":15},"end":{"line":1,"column":32}},"1":{"start":{"line":2,"column":16},"end":{"line":2,"column":34}},"2":{"start":{"line":3,"column":16},"end":{"line":3,"column":34}},"3":{"start":{"line":4,"column":15},"end":{"line":4,"column":43}},"4":{"start":{"line":6,"column":12},"end":{"line":6,"column":21}},"5":{"start":{"line":8,"column":0},"end":{"line":21,"column":1}},"6":{"start":{"line":9,"column":2},"end":{"line":11,"column":6}},"7":{"start":{"line":13,"column":2},"end":{"line":17,"column":4}},"8":{"start":{"line":15,"column":6},"end":{"line":15,"column":27}},"9":{"start":{"line":19,"column":2},"end":{"line":19,"column":53}},"10":{"start":{"line":20,"column":2},"end":{"line":20,"column":35}},"11":{"start":{"line":23,"column":0},"end":{"line":23,"column":33}},"12":{"start":{"line":24,"column":0},"end":{"line":24,"column":30}},"13":{"start":{"line":25,"column":0},"end":{"line":25,"column":26}},"14":{"start":{"line":26,"column":0},"end":{"line":26,"column":34}},"15":{"start":{"line":28,"column":13},"end":{"line":28,"column":37}},"16":{"start":{"line":29,"column":15},"end":{"line":29,"column":82}},"17":{"start":{"line":29,"column":38},"end":{"line":29,"column":81}},"18":{"start":{"line":31,"column":0},"end":{"line":31,"column":24}}},"fnMap":{"0":{"name":"(anonymous_0)","decl":{"start":{"line":14,"column":4},"end":{"line":14,"column":5}},"loc":{"start":{"line":14,"column":19},"end":{"line":16,"column":5}},"line":14},"1":{"name":"(anonymous_1)","decl":{"start":{"line":29,"column":32},"end":{"line":29,"column":33}},"loc":{"start":{"line":29,"column":38},"end":{"line":29,"column":81}},"line":29}},"branchMap":{"0":{"loc":{"start":{"line":8,"column":0},"end":{"line":21,"column":1}},"type":"if","locations":[{"start":{"line":8,"column":0},"end":{"line":21,"column":1}},{"start":{"line":8,"column":0},"end":{"line":21,"column":1}}],"line":8},"1":{"loc":{"start":{"line":28,"column":13},"end":{"line":28,"column":37}},"type":"binary-expr","locations":[{"start":{"line":28,"column":13},"end":{"line":28,"column":29}},{"start":{"line":28,"column":33},"end":{"line":28,"column":37}}],"line":28}},"s":{"0":2,"1":2,"2":2,"3":2,"4":2,"5":2,"6":0,"7":0,"8":0,"9":0,"10":0,"11":2,"12":2,"13":2,"14":2,"15":2,"16":2,"17":2,"18":2},"f":{"0":0,"1":2},"b":{"0":[0,2],"1":[2,2]},"_coverageSchema":"1a1c01bbd47fc00a2c39e90264f33305004495a9","hash":"656dbb19e3a8e3c10561308d7e28c9f8e1bb370c"}
,"/home/zeilotech/Desktop/Microverse/NodeJS/vidly/controllers/customers.js": {"path":"/home/zeilotech/Desktop/Microverse/NodeJS/vidly/controllers/customers.js","statementMap":{"0":{"start":{"line":5,"column":4},"end":{"line":5,"column":33}},"1":{"start":{"line":7,"column":14},"end":{"line":10,"column":1}},"2":{"start":{"line":8,"column":20},"end":{"line":8,"column":56}},"3":{"start":{"line":9,"column":2},"end":{"line":9,"column":29}},"4":{"start":{"line":12,"column":13},"end":{"line":16,"column":1}},"5":{"start":{"line":13,"column":19},"end":{"line":13,"column":65}},"6":{"start":{"line":14,"column":2},"end":{"line":14,"column":94}},"7":{"start":{"line":14,"column":17},"end":{"line":14,"column":94}},"8":{"start":{"line":15,"column":2},"end":{"line":15,"column":28}},"9":{"start":{"line":18,"column":15},"end":{"line":23,"column":1}},"10":{"start":{"line":19,"column":27},"end":{"line":19,"column":53}},"11":{"start":{"line":20,"column":2},"end":{"line":20,"column":67}},"12":{"start":{"line":20,"column":13},"end":{"line":20,"column":67}},"13":{"start":{"line":21,"column":19},"end":{"line":21,"column":38}},"14":{"start":{"line":22,"column":2},"end":{"line":22,"column":53}},"15":{"start":{"line":25,"column":15},"end":{"line":31,"column":1}},"16":{"start":{"line":26,"column":27},"end":{"line":26,"column":59}},"17":{"start":{"line":27,"column":2},"end":{"line":27,"column":67}},"18":{"start":{"line":27,"column":13},"end":{"line":27,"column":67}},"19":{"start":{"line":28,"column":19},"end":{"line":28,"column":74}},"20":{"start":{"line":29,"column":2},"end":{"line":29,"column":94}},"21":{"start":{"line":29,"column":17},"end":{"line":29,"column":94}},"22":{"start":{"line":30,"column":2},"end":{"line":30,"column":28}},"23":{"start":{"line":33,"column":16},"end":{"line":37,"column":1}},"24":{"start":{"line":34,"column":19},"end":{"line":34,"column":67}},"25":{"start":{"line":35,"column":2},"end":{"line":35,"column":94}},"26":{"start":{"line":35,"column":17},"end":{"line":35,"column":94}},"27":{"start":{"line":36,"column":2},"end":{"line":36,"column":28}},"28":{"start":{"line":39,"column":0},"end":{"line":45,"column":2}}},"fnMap":{"0":{"name":"(anonymous_0)","decl":{"start":{"line":7,"column":14},"end":{"line":7,"column":15}},"loc":{"start":{"line":7,"column":34},"end":{"line":10,"column":1}},"line":7},"1":{"name":"(anonymous_1)","decl":{"start":{"line":12,"column":13},"end":{"line":12,"column":14}},"loc":{"start":{"line":12,"column":33},"end":{"line":16,"column":1}},"line":12},"2":{"name":"(anonymous_2)","decl":{"start":{"line":18,"column":15},"end":{"line":18,"column":16}},"loc":{"start":{"line":18,"column":35},"end":{"line":23,"column":1}},"line":18},"3":{"name":"(anonymous_3)","decl":{"start":{"line":25,"column":15},"end":{"line":25,"column":16}},"loc":{"start":{"line":25,"column":35},"end":{"line":31,"column":1}},"line":25},"4":{"name":"(anonymous_4)","decl":{"start":{"line":33,"column":16},"end":{"line":33,"column":17}},"loc":{"start":{"line":33,"column":36},"end":{"line":37,"column":1}},"line":33}},"branchMap":{"0":{"loc":{"start":{"line":14,"column":2},"end":{"line":14,"column":94}},"type":"if","locations":[{"start":{"line":14,"column":2},"end":{"line":14,"column":94}},{"start":{"line":14,"column":2},"end":{"line":14,"column":94}}],"line":14},"1":{"loc":{"start":{"line":20,"column":2},"end":{"line":20,"column":67}},"type":"if","locations":[{"start":{"line":20,"column":2},"end":{"line":20,"column":67}},{"start":{"line":20,"column":2},"end":{"line":20,"column":67}}],"line":20},"2":{"loc":{"start":{"line":27,"column":2},"end":{"line":27,"column":67}},"type":"if","locations":[{"start":{"line":27,"column":2},"end":{"line":27,"column":67}},{"start":{"line":27,"column":2},"end":{"line":27,"column":67}}],"line":27},"3":{"loc":{"start":{"line":29,"column":2},"end":{"line":29,"column":94}},"type":"if","locations":[{"start":{"line":29,"column":2},"end":{"line":29,"column":94}},{"start":{"line":29,"column":2},"end":{"line":29,"column":94}}],"line":29},"4":{"loc":{"start":{"line":35,"column":2},"end":{"line":35,"column":94}},"type":"if","locations":[{"start":{"line":35,"column":2},"end":{"line":35,"column":94}},{"start":{"line":35,"column":2},"end":{"line":35,"column":94}}],"line":35}},"s":{"0":2,"1":2,"2":0,"3":0,"4":2,"5":0,"6":0,"7":0,"8":0,"9":2,"10":0,"11":0,"12":0,"13":0,"14":0,"15":2,"16":0,"17":0,"18":0,"19":0,"20":0,"21":0,"22":0,"23":2,"24":0,"25":0,"26":0,"27":0,"28":2},"f":{"0":0,"1":0,"2":0,"3":0,"4":0},"b":{"0":[0,0],"1":[0,0],"2":[0,0],"3":[0,0],"4":[0,0]},"_coverageSchema":"1a1c01bbd47fc00a2c39e90264f33305004495a9","hash":"51f413ef5b8c6c4865e54eedec71ce4c9cc98e71"}
,"/home/zeilotech/Desktop/Microverse/NodeJS/vidly/controllers/genres.js": {"path":"/home/zeilotech/Desktop/Microverse/NodeJS/vidly/controllers/genres.js","statementMap":{"0":{"start":{"line":1,"column":28},"end":{"line":1,"column":54}},"1":{"start":{"line":3,"column":14},"end":{"line":6,"column":1}},"2":{"start":{"line":4,"column":17},"end":{"line":4,"column":48}},"3":{"start":{"line":5,"column":2},"end":{"line":5,"column":26}},"4":{"start":{"line":8,"column":15},"end":{"line":14,"column":1}},"5":{"start":{"line":9,"column":20},"end":{"line":9,"column":38}},"6":{"start":{"line":10,"column":2},"end":{"line":10,"column":67}},"7":{"start":{"line":10,"column":13},"end":{"line":10,"column":67}},"8":{"start":{"line":11,"column":16},"end":{"line":11,"column":50}},"9":{"start":{"line":12,"column":2},"end":{"line":12,"column":21}},"10":{"start":{"line":13,"column":2},"end":{"line":13,"column":37}},"11":{"start":{"line":16,"column":15},"end":{"line":27,"column":1}},"12":{"start":{"line":17,"column":20},"end":{"line":17,"column":38}},"13":{"start":{"line":18,"column":2},"end":{"line":18,"column":67}},"14":{"start":{"line":18,"column":13},"end":{"line":18,"column":67}},"15":{"start":{"line":19,"column":16},"end":{"line":23,"column":3}},"16":{"start":{"line":25,"column":2},"end":{"line":25,"column":88}},"17":{"start":{"line":25,"column":14},"end":{"line":25,"column":88}},"18":{"start":{"line":26,"column":2},"end":{"line":26,"column":25}},"19":{"start":{"line":29,"column":16},"end":{"line":33,"column":1}},"20":{"start":{"line":30,"column":16},"end":{"line":30,"column":61}},"21":{"start":{"line":31,"column":2},"end":{"line":31,"column":88}},"22":{"start":{"line":31,"column":14},"end":{"line":31,"column":88}},"23":{"start":{"line":32,"column":2},"end":{"line":32,"column":25}},"24":{"start":{"line":35,"column":13},"end":{"line":39,"column":1}},"25":{"start":{"line":36,"column":16},"end":{"line":36,"column":51}},"26":{"start":{"line":37,"column":2},"end":{"line":37,"column":88}},"27":{"start":{"line":37,"column":14},"end":{"line":37,"column":88}},"28":{"start":{"line":38,"column":2},"end":{"line":38,"column":25}},"29":{"start":{"line":41,"column":0},"end":{"line":47,"column":2}}},"fnMap":{"0":{"name":"(anonymous_0)","decl":{"start":{"line":3,"column":14},"end":{"line":3,"column":15}},"loc":{"start":{"line":3,"column":34},"end":{"line":6,"column":1}},"line":3},"1":{"name":"(anonymous_1)","decl":{"start":{"line":8,"column":15},"end":{"line":8,"column":16}},"loc":{"start":{"line":8,"column":35},"end":{"line":14,"column":1}},"line":8},"2":{"name":"(anonymous_2)","decl":{"start":{"line":16,"column":15},"end":{"line":16,"column":16}},"loc":{"start":{"line":16,"column":35},"end":{"line":27,"column":1}},"line":16},"3":{"name":"(anonymous_3)","decl":{"start":{"line":29,"column":16},"end":{"line":29,"column":17}},"loc":{"start":{"line":29,"column":36},"end":{"line":33,"column":1}},"line":29},"4":{"name":"(anonymous_4)","decl":{"start":{"line":35,"column":13},"end":{"line":35,"column":14}},"loc":{"start":{"line":35,"column":33},"end":{"line":39,"column":1}},"line":35}},"branchMap":{"0":{"loc":{"start":{"line":10,"column":2},"end":{"line":10,"column":67}},"type":"if","locations":[{"start":{"line":10,"column":2},"end":{"line":10,"column":67}},{"start":{"line":10,"column":2},"end":{"line":10,"column":67}}],"line":10},"1":{"loc":{"start":{"line":18,"column":2},"end":{"line":18,"column":67}},"type":"if","locations":[{"start":{"line":18,"column":2},"end":{"line":18,"column":67}},{"start":{"line":18,"column":2},"end":{"line":18,"column":67}}],"line":18},"2":{"loc":{"start":{"line":25,"column":2},"end":{"line":25,"column":88}},"type":"if","locations":[{"start":{"line":25,"column":2},"end":{"line":25,"column":88}},{"start":{"line":25,"column":2},"end":{"line":25,"column":88}}],"line":25},"3":{"loc":{"start":{"line":31,"column":2},"end":{"line":31,"column":88}},"type":"if","locations":[{"start":{"line":31,"column":2},"end":{"line":31,"column":88}},{"start":{"line":31,"column":2},"end":{"line":31,"column":88}}],"line":31},"4":{"loc":{"start":{"line":37,"column":2},"end":{"line":37,"column":88}},"type":"if","locations":[{"start":{"line":37,"column":2},"end":{"line":37,"column":88}},{"start":{"line":37,"column":2},"end":{"line":37,"column":88}}],"line":37}},"s":{"0":2,"1":2,"2":0,"3":0,"4":2,"5":5,"6":5,"7":2,"8":3,"9":3,"10":3,"11":2,"12":0,"13":0,"14":0,"15":0,"16":0,"17":0,"18":0,"19":2,"20":2,"21":2,"22":0,"23":2,"24":2,"25":0,"26":0,"27":0,"28":0,"29":2},"f":{"0":0,"1":5,"2":0,"3":2,"4":0},"b":{"0":[2,3],"1":[0,0],"2":[0,0],"3":[0,2],"4":[0,0]},"_coverageSchema":"1a1c01bbd47fc00a2c39e90264f33305004495a9","hash":"368f6a489123d8df62d7c9ae742e1afa02d29936"}
,"/home/zeilotech/Desktop/Microverse/NodeJS/vidly/controllers/movies.js": {"path":"/home/zeilotech/Desktop/Microverse/NodeJS/vidly/controllers/movies.js","statementMap":{"0":{"start":{"line":1,"column":18},"end":{"line":1,"column":44}},"1":{"start":{"line":2,"column":28},"end":{"line":2,"column":54}},"2":{"start":{"line":4,"column":14},"end":{"line":7,"column":1}},"3":{"start":{"line":5,"column":17},"end":{"line":5,"column":48}},"4":{"start":{"line":6,"column":2},"end":{"line":6,"column":26}},"5":{"start":{"line":9,"column":15},"end":{"line":28,"column":1}},"6":{"start":{"line":10,"column":20},"end":{"line":10,"column":38}},"7":{"start":{"line":11,"column":2},"end":{"line":11,"column":67}},"8":{"start":{"line":11,"column":13},"end":{"line":11,"column":67}},"9":{"start":{"line":13,"column":16},"end":{"line":13,"column":54}},"10":{"start":{"line":14,"column":2},"end":{"line":14,"column":60}},"11":{"start":{"line":14,"column":14},"end":{"line":14,"column":60}},"12":{"start":{"line":16,"column":16},"end":{"line":24,"column":4}},"13":{"start":{"line":25,"column":2},"end":{"line":25,"column":21}},"14":{"start":{"line":27,"column":2},"end":{"line":27,"column":37}},"15":{"start":{"line":30,"column":15},"end":{"line":51,"column":1}},"16":{"start":{"line":31,"column":20},"end":{"line":31,"column":38}},"17":{"start":{"line":32,"column":2},"end":{"line":32,"column":67}},"18":{"start":{"line":32,"column":13},"end":{"line":32,"column":67}},"19":{"start":{"line":34,"column":16},"end":{"line":34,"column":54}},"20":{"start":{"line":35,"column":2},"end":{"line":35,"column":60}},"21":{"start":{"line":35,"column":14},"end":{"line":35,"column":60}},"22":{"start":{"line":37,"column":16},"end":{"line":46,"column":6}},"23":{"start":{"line":48,"column":2},"end":{"line":48,"column":88}},"24":{"start":{"line":48,"column":14},"end":{"line":48,"column":88}},"25":{"start":{"line":50,"column":2},"end":{"line":50,"column":25}},"26":{"start":{"line":53,"column":13},"end":{"line":59,"column":1}},"27":{"start":{"line":54,"column":16},"end":{"line":54,"column":51}},"28":{"start":{"line":56,"column":2},"end":{"line":56,"column":88}},"29":{"start":{"line":56,"column":14},"end":{"line":56,"column":88}},"30":{"start":{"line":58,"column":2},"end":{"line":58,"column":25}},"31":{"start":{"line":61,"column":16},"end":{"line":67,"column":1}},"32":{"start":{"line":62,"column":16},"end":{"line":62,"column":61}},"33":{"start":{"line":64,"column":2},"end":{"line":64,"column":88}},"34":{"start":{"line":64,"column":14},"end":{"line":64,"column":88}},"35":{"start":{"line":66,"column":2},"end":{"line":66,"column":25}},"36":{"start":{"line":69,"column":0},"end":{"line":75,"column":2}}},"fnMap":{"0":{"name":"(anonymous_0)","decl":{"start":{"line":4,"column":14},"end":{"line":4,"column":15}},"loc":{"start":{"line":4,"column":34},"end":{"line":7,"column":1}},"line":4},"1":{"name":"(anonymous_1)","decl":{"start":{"line":9,"column":15},"end":{"line":9,"column":16}},"loc":{"start":{"line":9,"column":35},"end":{"line":28,"column":1}},"line":9},"2":{"name":"(anonymous_2)","decl":{"start":{"line":30,"column":15},"end":{"line":30,"column":16}},"loc":{"start":{"line":30,"column":35},"end":{"line":51,"column":1}},"line":30},"3":{"name":"(anonymous_3)","decl":{"start":{"line":53,"column":13},"end":{"line":53,"column":14}},"loc":{"start":{"line":53,"column":33},"end":{"line":59,"column":1}},"line":53},"4":{"name":"(anonymous_4)","decl":{"start":{"line":61,"column":16},"end":{"line":61,"column":17}},"loc":{"start":{"line":61,"column":36},"end":{"line":67,"column":1}},"line":61}},"branchMap":{"0":{"loc":{"start":{"line":11,"column":2},"end":{"line":11,"column":67}},"type":"if","locations":[{"start":{"line":11,"column":2},"end":{"line":11,"column":67}},{"start":{"line":11,"column":2},"end":{"line":11,"column":67}}],"line":11},"1":{"loc":{"start":{"line":14,"column":2},"end":{"line":14,"column":60}},"type":"if","locations":[{"start":{"line":14,"column":2},"end":{"line":14,"column":60}},{"start":{"line":14,"column":2},"end":{"line":14,"column":60}}],"line":14},"2":{"loc":{"start":{"line":32,"column":2},"end":{"line":32,"column":67}},"type":"if","locations":[{"start":{"line":32,"column":2},"end":{"line":32,"column":67}},{"start":{"line":32,"column":2},"end":{"line":32,"column":67}}],"line":32},"3":{"loc":{"start":{"line":35,"column":2},"end":{"line":35,"column":60}},"type":"if","locations":[{"start":{"line":35,"column":2},"end":{"line":35,"column":60}},{"start":{"line":35,"column":2},"end":{"line":35,"column":60}}],"line":35},"4":{"loc":{"start":{"line":48,"column":2},"end":{"line":48,"column":88}},"type":"if","locations":[{"start":{"line":48,"column":2},"end":{"line":48,"column":88}},{"start":{"line":48,"column":2},"end":{"line":48,"column":88}}],"line":48},"5":{"loc":{"start":{"line":56,"column":2},"end":{"line":56,"column":88}},"type":"if","locations":[{"start":{"line":56,"column":2},"end":{"line":56,"column":88}},{"start":{"line":56,"column":2},"end":{"line":56,"column":88}}],"line":56},"6":{"loc":{"start":{"line":64,"column":2},"end":{"line":64,"column":88}},"type":"if","locations":[{"start":{"line":64,"column":2},"end":{"line":64,"column":88}},{"start":{"line":64,"column":2},"end":{"line":64,"column":88}}],"line":64}},"s":{"0":2,"1":2,"2":2,"3":0,"4":0,"5":2,"6":0,"7":0,"8":0,"9":0,"10":0,"11":0,"12":0,"13":0,"14":0,"15":2,"16":0,"17":0,"18":0,"19":0,"20":0,"21":0,"22":0,"23":0,"24":0,"25":0,"26":2,"27":0,"28":0,"29":0,"30":0,"31":2,"32":0,"33":0,"34":0,"35":0,"36":2},"f":{"0":0,"1":0,"2":0,"3":0,"4":0},"b":{"0":[0,0],"1":[0,0],"2":[0,0],"3":[0,0],"4":[0,0],"5":[0,0],"6":[0,0]},"_coverageSchema":"1a1c01bbd47fc00a2c39e90264f33305004495a9","hash":"a68d015a37147b79ddd9aaf10a95c40be58faee7"}
,"/home/zeilotech/Desktop/Microverse/NodeJS/vidly/controllers/rentals.js": {"path":"/home/zeilotech/Desktop/Microverse/NodeJS/vidly/controllers/rentals.js","statementMap":{"0":{"start":{"line":1,"column":13},"end":{"line":1,"column":28}},"1":{"start":{"line":2,"column":17},"end":{"line":2,"column":36}},"2":{"start":{"line":3,"column":18},"end":{"line":3,"column":44}},"3":{"start":{"line":4,"column":21},"end":{"line":4,"column":50}},"4":{"start":{"line":5,"column":29},"end":{"line":5,"column":56}},"5":{"start":{"line":7,"column":0},"end":{"line":7,"column":20}},"6":{"start":{"line":9,"column":14},"end":{"line":12,"column":1}},"7":{"start":{"line":10,"column":18},"end":{"line":10,"column":54}},"8":{"start":{"line":11,"column":2},"end":{"line":11,"column":27}},"9":{"start":{"line":14,"column":15},"end":{"line":50,"column":1}},"10":{"start":{"line":15,"column":20},"end":{"line":15,"column":38}},"11":{"start":{"line":16,"column":2},"end":{"line":16,"column":67}},"12":{"start":{"line":16,"column":13},"end":{"line":16,"column":67}},"13":{"start":{"line":18,"column":19},"end":{"line":18,"column":63}},"14":{"start":{"line":19,"column":2},"end":{"line":19,"column":66}},"15":{"start":{"line":19,"column":17},"end":{"line":19,"column":66}},"16":{"start":{"line":21,"column":16},"end":{"line":21,"column":54}},"17":{"start":{"line":22,"column":2},"end":{"line":22,"column":60}},"18":{"start":{"line":22,"column":14},"end":{"line":22,"column":60}},"19":{"start":{"line":24,"column":2},"end":{"line":24,"column":84}},"20":{"start":{"line":24,"column":33},"end":{"line":24,"column":84}},"21":{"start":{"line":26,"column":17},"end":{"line":37,"column":4}},"22":{"start":{"line":39,"column":2},"end":{"line":49,"column":3}},"23":{"start":{"line":40,"column":17},"end":{"line":40,"column":28}},"24":{"start":{"line":41,"column":4},"end":{"line":45,"column":13}},"25":{"start":{"line":46,"column":4},"end":{"line":46,"column":40}},"26":{"start":{"line":48,"column":4},"end":{"line":48,"column":56}},"27":{"start":{"line":52,"column":13},"end":{"line":58,"column":1}},"28":{"start":{"line":53,"column":17},"end":{"line":53,"column":53}},"29":{"start":{"line":55,"column":2},"end":{"line":55,"column":90}},"30":{"start":{"line":55,"column":15},"end":{"line":55,"column":90}},"31":{"start":{"line":57,"column":2},"end":{"line":57,"column":26}},"32":{"start":{"line":60,"column":0},"end":{"line":64,"column":2}}},"fnMap":{"0":{"name":"(anonymous_0)","decl":{"start":{"line":9,"column":14},"end":{"line":9,"column":15}},"loc":{"start":{"line":9,"column":34},"end":{"line":12,"column":1}},"line":9},"1":{"name":"(anonymous_1)","decl":{"start":{"line":14,"column":15},"end":{"line":14,"column":16}},"loc":{"start":{"line":14,"column":35},"end":{"line":50,"column":1}},"line":14},"2":{"name":"(anonymous_2)","decl":{"start":{"line":52,"column":13},"end":{"line":52,"column":14}},"loc":{"start":{"line":52,"column":33},"end":{"line":58,"column":1}},"line":52}},"branchMap":{"0":{"loc":{"start":{"line":16,"column":2},"end":{"line":16,"column":67}},"type":"if","locations":[{"start":{"line":16,"column":2},"end":{"line":16,"column":67}},{"start":{"line":16,"column":2},"end":{"line":16,"column":67}}],"line":16},"1":{"loc":{"start":{"line":19,"column":2},"end":{"line":19,"column":66}},"type":"if","locations":[{"start":{"line":19,"column":2},"end":{"line":19,"column":66}},{"start":{"line":19,"column":2},"end":{"line":19,"column":66}}],"line":19},"2":{"loc":{"start":{"line":22,"column":2},"end":{"line":22,"column":60}},"type":"if","locations":[{"start":{"line":22,"column":2},"end":{"line":22,"column":60}},{"start":{"line":22,"column":2},"end":{"line":22,"column":60}}],"line":22},"3":{"loc":{"start":{"line":24,"column":2},"end":{"line":24,"column":84}},"type":"if","locations":[{"start":{"line":24,"column":2},"end":{"line":24,"column":84}},{"start":{"line":24,"column":2},"end":{"line":24,"column":84}}],"line":24},"4":{"loc":{"start":{"line":55,"column":2},"end":{"line":55,"column":90}},"type":"if","locations":[{"start":{"line":55,"column":2},"end":{"line":55,"column":90}},{"start":{"line":55,"column":2},"end":{"line":55,"column":90}}],"line":55}},"s":{"0":2,"1":2,"2":2,"3":2,"4":2,"5":2,"6":2,"7":0,"8":0,"9":2,"10":0,"11":0,"12":0,"13":0,"14":0,"15":0,"16":0,"17":0,"18":0,"19":0,"20":0,"21":0,"22":0,"23":0,"24":0,"25":0,"26":0,"27":2,"28":0,"29":0,"30":0,"31":0,"32":2},"f":{"0":0,"1":0,"2":0},"b":{"0":[0,0],"1":[0,0],"2":[0,0],"3":[0,0],"4":[0,0]},"_coverageSchema":"1a1c01bbd47fc00a2c39e90264f33305004495a9","hash":"f05e7a6c6230bc5e629b5654365fc6ddb6665070"}
,"/home/zeilotech/Desktop/Microverse/NodeJS/vidly/controllers/users.js": {"path":"/home/zeilotech/Desktop/Microverse/NodeJS/vidly/controllers/users.js","statementMap":{"0":{"start":{"line":1,"column":10},"end":{"line":1,"column":27}},"1":{"start":{"line":2,"column":15},"end":{"line":2,"column":32}},"2":{"start":{"line":3,"column":27},"end":{"line":3,"column":52}},"3":{"start":{"line":5,"column":13},"end":{"line":8,"column":1}},"4":{"start":{"line":6,"column":15},"end":{"line":6,"column":48}},"5":{"start":{"line":7,"column":2},"end":{"line":7,"column":51}},"6":{"start":{"line":10,"column":15},"end":{"line":25,"column":1}},"7":{"start":{"line":11,"column":20},"end":{"line":11,"column":38}},"8":{"start":{"line":12,"column":2},"end":{"line":12,"column":67}},"9":{"start":{"line":12,"column":13},"end":{"line":12,"column":67}},"10":{"start":{"line":14,"column":13},"end":{"line":14,"column":58}},"11":{"start":{"line":16,"column":2},"end":{"line":16,"column":64}},"12":{"start":{"line":16,"column":12},"end":{"line":16,"column":64}},"13":{"start":{"line":18,"column":2},"end":{"line":18,"column":67}},"14":{"start":{"line":19,"column":15},"end":{"line":19,"column":39}},"15":{"start":{"line":20,"column":2},"end":{"line":20,"column":57}},"16":{"start":{"line":22,"column":2},"end":{"line":22,"column":20}},"17":{"start":{"line":23,"column":16},"end":{"line":23,"column":40}},"18":{"start":{"line":24,"column":2},"end":{"line":24,"column":81}},"19":{"start":{"line":27,"column":0},"end":{"line":27,"column":34}}},"fnMap":{"0":{"name":"(anonymous_0)","decl":{"start":{"line":5,"column":13},"end":{"line":5,"column":14}},"loc":{"start":{"line":5,"column":33},"end":{"line":8,"column":1}},"line":5},"1":{"name":"(anonymous_1)","decl":{"start":{"line":10,"column":15},"end":{"line":10,"column":16}},"loc":{"start":{"line":10,"column":35},"end":{"line":25,"column":1}},"line":10}},"branchMap":{"0":{"loc":{"start":{"line":12,"column":2},"end":{"line":12,"column":67}},"type":"if","locations":[{"start":{"line":12,"column":2},"end":{"line":12,"column":67}},{"start":{"line":12,"column":2},"end":{"line":12,"column":67}}],"line":12},"1":{"loc":{"start":{"line":16,"column":2},"end":{"line":16,"column":64}},"type":"if","locations":[{"start":{"line":16,"column":2},"end":{"line":16,"column":64}},{"start":{"line":16,"column":2},"end":{"line":16,"column":64}}],"line":16}},"s":{"0":2,"1":2,"2":2,"3":2,"4":0,"5":0,"6":2,"7":0,"8":0,"9":0,"10":0,"11":0,"12":0,"13":0,"14":0,"15":0,"16":0,"17":0,"18":0,"19":2},"f":{"0":0,"1":0},"b":{"0":[0,0],"1":[0,0]},"_coverageSchema":"1a1c01bbd47fc00a2c39e90264f33305004495a9","hash":"3abc8f73d7132977ea52b8a5aa1ca143964cb955"}
,"/home/zeilotech/Desktop/Microverse/NodeJS/vidly/middleware/admin.js": {"path":"/home/zeilotech/Desktop/Microverse/NodeJS/vidly/middleware/admin.js","statementMap":{"0":{"start":{"line":1,"column":0},"end":{"line":4,"column":2}},"1":{"start":{"line":2,"column":2},"end":{"line":2,"column":71}},"2":{"start":{"line":2,"column":25},"end":{"line":2,"column":71}},"3":{"start":{"line":3,"column":2},"end":{"line":3,"column":16}}},"fnMap":{"0":{"name":"(anonymous_0)","decl":{"start":{"line":1,"column":17},"end":{"line":1,"column":18}},"loc":{"start":{"line":1,"column":37},"end":{"line":4,"column":1}},"line":1}},"branchMap":{"0":{"loc":{"start":{"line":2,"column":2},"end":{"line":2,"column":71}},"type":"if","locations":[{"start":{"line":2,"column":2},"end":{"line":2,"column":71}},{"start":{"line":2,"column":2},"end":{"line":2,"column":71}}],"line":2}},"s":{"0":2,"1":4,"2":1,"3":3},"f":{"0":4},"b":{"0":[1,3]},"_coverageSchema":"1a1c01bbd47fc00a2c39e90264f33305004495a9","hash":"859854a2406c4bc68c6202a6714d19d784463d5a"}
,"/home/zeilotech/Desktop/Microverse/NodeJS/vidly/middleware/auth.js": {"path":"/home/zeilotech/Desktop/Microverse/NodeJS/vidly/middleware/auth.js","statementMap":{"0":{"start":{"line":1,"column":15},"end":{"line":1,"column":32}},"1":{"start":{"line":2,"column":12},"end":{"line":2,"column":35}},"2":{"start":{"line":4,"column":0},"end":{"line":14,"column":2}},"3":{"start":{"line":5,"column":16},"end":{"line":5,"column":42}},"4":{"start":{"line":6,"column":2},"end":{"line":6,"column":78}},"5":{"start":{"line":6,"column":14},"end":{"line":6,"column":78}},"6":{"start":{"line":7,"column":2},"end":{"line":12,"column":3}},"7":{"start":{"line":8,"column":20},"end":{"line":8,"column":66}},"8":{"start":{"line":9,"column":4},"end":{"line":9,"column":23}},"9":{"start":{"line":11,"column":4},"end":{"line":11,"column":50}},"10":{"start":{"line":13,"column":2},"end":{"line":13,"column":16}}},"fnMap":{"0":{"name":"(anonymous_0)","decl":{"start":{"line":4,"column":17},"end":{"line":4,"column":18}},"loc":{"start":{"line":4,"column":37},"end":{"line":14,"column":1}},"line":4}},"branchMap":{"0":{"loc":{"start":{"line":6,"column":2},"end":{"line":6,"column":78}},"type":"if","locations":[{"start":{"line":6,"column":2},"end":{"line":6,"column":78}},{"start":{"line":6,"column":2},"end":{"line":6,"column":78}}],"line":6}},"s":{"0":3,"1":3,"2":3,"3":14,"4":14,"5":3,"6":11,"7":11,"8":10,"9":1,"10":10},"f":{"0":14},"b":{"0":[3,11]},"_coverageSchema":"1a1c01bbd47fc00a2c39e90264f33305004495a9","hash":"de81a5f8d06149fd90cc7577427aa30bcafa322c"}
,"/home/zeilotech/Desktop/Microverse/NodeJS/vidly/middleware/error.js": {"path":"/home/zeilotech/Desktop/Microverse/NodeJS/vidly/middleware/error.js","statementMap":{"0":{"start":{"line":1,"column":15},"end":{"line":1,"column":44}},"1":{"start":{"line":4,"column":0},"end":{"line":15,"column":2}},"2":{"start":{"line":5,"column":2},"end":{"line":5,"column":33}},"3":{"start":{"line":14,"column":2},"end":{"line":14,"column":43}}},"fnMap":{"0":{"name":"(anonymous_0)","decl":{"start":{"line":4,"column":17},"end":{"line":4,"column":18}},"loc":{"start":{"line":4,"column":42},"end":{"line":15,"column":1}},"line":4}},"branchMap":{},"s":{"0":2,"1":2,"2":0,"3":0},"f":{"0":0},"b":{},"_coverageSchema":"1a1c01bbd47fc00a2c39e90264f33305004495a9","hash":"5ffe5587081e2c6bbe04d48a80e7d76fed86728c"}
,"/home/zeilotech/Desktop/Microverse/NodeJS/vidly/middleware/validateObjectId.js": {"path":"/home/zeilotech/Desktop/Microverse/NodeJS/vidly/middleware/validateObjectId.js","statementMap":{"0":{"start":{"line":1,"column":32},"end":{"line":1,"column":51}},"1":{"start":{"line":3,"column":0},"end":{"line":8,"column":2}},"2":{"start":{"line":4,"column":2},"end":{"line":6,"column":3}},"3":{"start":{"line":5,"column":4},"end":{"line":5,"column":46}},"4":{"start":{"line":7,"column":2},"end":{"line":7,"column":16}}},"fnMap":{"0":{"name":"(anonymous_0)","decl":{"start":{"line":3,"column":17},"end":{"line":3,"column":18}},"loc":{"start":{"line":3,"column":37},"end":{"line":8,"column":1}},"line":3}},"branchMap":{"0":{"loc":{"start":{"line":4,"column":2},"end":{"line":6,"column":3}},"type":"if","locations":[{"start":{"line":4,"column":2},"end":{"line":6,"column":3}},{"start":{"line":4,"column":2},"end":{"line":6,"column":3}}],"line":4}},"s":{"0":2,"1":2,"2":3,"3":1,"4":2},"f":{"0":3},"b":{"0":[1,2]},"_coverageSchema":"1a1c01bbd47fc00a2c39e90264f33305004495a9","hash":"267942d976260c12f43f39d227de5a8f179467c3"}
,"/home/zeilotech/Desktop/Microverse/NodeJS/vidly/models/customer.js": {"path":"/home/zeilotech/Desktop/Microverse/NodeJS/vidly/models/customer.js","statementMap":{"0":{"start":{"line":1,"column":12},"end":{"line":1,"column":26}},"1":{"start":{"line":2,"column":17},"end":{"line":2,"column":36}},"2":{"start":{"line":4,"column":23},"end":{"line":16,"column":2}},"3":{"start":{"line":18,"column":17},"end":{"line":18,"column":59}},"4":{"start":{"line":21,"column":17},"end":{"line":25,"column":4}},"5":{"start":{"line":26,"column":2},"end":{"line":26,"column":35}},"6":{"start":{"line":30,"column":17},"end":{"line":34,"column":4}},"7":{"start":{"line":35,"column":2},"end":{"line":35,"column":35}},"8":{"start":{"line":38,"column":0},"end":{"line":38,"column":35}},"9":{"start":{"line":39,"column":0},"end":{"line":39,"column":51}},"10":{"start":{"line":40,"column":0},"end":{"line":40,"column":63}}},"fnMap":{"0":{"name":"validateCustomer","decl":{"start":{"line":20,"column":9},"end":{"line":20,"column":25}},"loc":{"start":{"line":20,"column":36},"end":{"line":27,"column":1}},"line":20},"1":{"name":"validateCustomerUpdate","decl":{"start":{"line":29,"column":9},"end":{"line":29,"column":31}},"loc":{"start":{"line":29,"column":42},"end":{"line":36,"column":1}},"line":29}},"branchMap":{},"s":{"0":2,"1":2,"2":2,"3":2,"4":0,"5":0,"6":0,"7":0,"8":2,"9":2,"10":2},"f":{"0":0,"1":0},"b":{},"_coverageSchema":"1a1c01bbd47fc00a2c39e90264f33305004495a9","hash":"8a9b2dc828e0149b8b9ff25c478c83aec8483460"}
,"/home/zeilotech/Desktop/Microverse/NodeJS/vidly/models/genre.js": {"path":"/home/zeilotech/Desktop/Microverse/NodeJS/vidly/models/genre.js","statementMap":{"0":{"start":{"line":1,"column":12},"end":{"line":1,"column":26}},"1":{"start":{"line":2,"column":17},"end":{"line":2,"column":36}},"2":{"start":{"line":4,"column":20},"end":{"line":11,"column":2}},"3":{"start":{"line":13,"column":14},"end":{"line":13,"column":50}},"4":{"start":{"line":16,"column":17},"end":{"line":18,"column":4}},"5":{"start":{"line":20,"column":2},"end":{"line":20,"column":32}},"6":{"start":{"line":23,"column":0},"end":{"line":23,"column":22}},"7":{"start":{"line":24,"column":0},"end":{"line":24,"column":28}},"8":{"start":{"line":25,"column":0},"end":{"line":25,"column":34}}},"fnMap":{"0":{"name":"validate","decl":{"start":{"line":15,"column":9},"end":{"line":15,"column":17}},"loc":{"start":{"line":15,"column":25},"end":{"line":21,"column":1}},"line":15}},"branchMap":{},"s":{"0":2,"1":2,"2":2,"3":2,"4":5,"5":5,"6":2,"7":2,"8":2},"f":{"0":5},"b":{},"_coverageSchema":"1a1c01bbd47fc00a2c39e90264f33305004495a9","hash":"ac6f59541895e5d77ffcf4ae64a5033c63971b36"}
,"/home/zeilotech/Desktop/Microverse/NodeJS/vidly/models/movie.js": {"path":"/home/zeilotech/Desktop/Microverse/NodeJS/vidly/models/movie.js","statementMap":{"0":{"start":{"line":1,"column":12},"end":{"line":1,"column":26}},"1":{"start":{"line":2,"column":17},"end":{"line":2,"column":36}},"2":{"start":{"line":3,"column":24},"end":{"line":3,"column":42}},"3":{"start":{"line":5,"column":14},"end":{"line":29,"column":3}},"4":{"start":{"line":32,"column":17},"end":{"line":37,"column":4}},"5":{"start":{"line":39,"column":2},"end":{"line":39,"column":32}},"6":{"start":{"line":42,"column":0},"end":{"line":42,"column":22}},"7":{"start":{"line":43,"column":0},"end":{"line":43,"column":28}}},"fnMap":{"0":{"name":"validate","decl":{"start":{"line":31,"column":9},"end":{"line":31,"column":17}},"loc":{"start":{"line":31,"column":25},"end":{"line":40,"column":1}},"line":31}},"branchMap":{},"s":{"0":2,"1":2,"2":2,"3":2,"4":0,"5":0,"6":2,"7":2},"f":{"0":0},"b":{},"_coverageSchema":"1a1c01bbd47fc00a2c39e90264f33305004495a9","hash":"9122f91142eeabfd15dd60338c59fe88f31d899f"}
,"/home/zeilotech/Desktop/Microverse/NodeJS/vidly/models/rental.js": {"path":"/home/zeilotech/Desktop/Microverse/NodeJS/vidly/models/rental.js","statementMap":{"0":{"start":{"line":1,"column":12},"end":{"line":1,"column":26}},"1":{"start":{"line":2,"column":17},"end":{"line":2,"column":36}},"2":{"start":{"line":4,"column":15},"end":{"line":56,"column":3}},"3":{"start":{"line":59,"column":17},"end":{"line":62,"column":4}},"4":{"start":{"line":64,"column":2},"end":{"line":64,"column":33}},"5":{"start":{"line":67,"column":0},"end":{"line":67,"column":24}},"6":{"start":{"line":68,"column":0},"end":{"line":68,"column":34}}},"fnMap":{"0":{"name":"validateRental","decl":{"start":{"line":58,"column":9},"end":{"line":58,"column":23}},"loc":{"start":{"line":58,"column":32},"end":{"line":65,"column":1}},"line":58}},"branchMap":{},"s":{"0":2,"1":2,"2":2,"3":0,"4":0,"5":2,"6":2},"f":{"0":0},"b":{},"_coverageSchema":"1a1c01bbd47fc00a2c39e90264f33305004495a9","hash":"58996fdf3be2b9b166e2c7750a360726b59ec603"}
,"/home/zeilotech/Desktop/Microverse/NodeJS/vidly/models/user.js": {"path":"/home/zeilotech/Desktop/Microverse/NodeJS/vidly/models/user.js","statementMap":{"0":{"start":{"line":1,"column":12},"end":{"line":1,"column":26}},"1":{"start":{"line":2,"column":15},"end":{"line":2,"column":32}},"2":{"start":{"line":3,"column":12},"end":{"line":3,"column":35}},"3":{"start":{"line":4,"column":17},"end":{"line":4,"column":36}},"4":{"start":{"line":6,"column":19},"end":{"line":30,"column":2}},"5":{"start":{"line":33,"column":2},"end":{"line":36,"column":34}},"6":{"start":{"line":39,"column":0},"end":{"line":39,"column":48}},"7":{"start":{"line":41,"column":13},"end":{"line":41,"column":47}},"8":{"start":{"line":44,"column":17},"end":{"line":49,"column":4}},"9":{"start":{"line":51,"column":2},"end":{"line":51,"column":31}},"10":{"start":{"line":54,"column":0},"end":{"line":54,"column":20}},"11":{"start":{"line":55,"column":0},"end":{"line":55,"column":32}}},"fnMap":{"0":{"name":"genToken","decl":{"start":{"line":32,"column":9},"end":{"line":32,"column":17}},"loc":{"start":{"line":32,"column":20},"end":{"line":37,"column":1}},"line":32},"1":{"name":"validateUser","decl":{"start":{"line":43,"column":9},"end":{"line":43,"column":21}},"loc":{"start":{"line":43,"column":28},"end":{"line":52,"column":1}},"line":43}},"branchMap":{},"s":{"0":4,"1":4,"2":4,"3":4,"4":4,"5":20,"6":4,"7":4,"8":0,"9":0,"10":4,"11":4},"f":{"0":20,"1":0},"b":{},"_coverageSchema":"1a1c01bbd47fc00a2c39e90264f33305004495a9","hash":"c72025f851899758bb7c9a7d5c5b2bc491921dfb"}
,"/home/zeilotech/Desktop/Microverse/NodeJS/vidly/routes/auth.js": {"path":"/home/zeilotech/Desktop/Microverse/NodeJS/vidly/routes/auth.js","statementMap":{"0":{"start":{"line":1,"column":12},"end":{"line":1,"column":26}},"1":{"start":{"line":2,"column":15},"end":{"line":2,"column":32}},"2":{"start":{"line":3,"column":16},"end":{"line":3,"column":34}},"3":{"start":{"line":4,"column":17},"end":{"line":4,"column":42}},"4":{"start":{"line":6,"column":15},"end":{"line":6,"column":31}},"5":{"start":{"line":9,"column":17},"end":{"line":13,"column":4}},"6":{"start":{"line":15,"column":2},"end":{"line":15,"column":30}},"7":{"start":{"line":18,"column":0},"end":{"line":32,"column":3}},"8":{"start":{"line":19,"column":20},"end":{"line":19,"column":42}},"9":{"start":{"line":20,"column":2},"end":{"line":20,"column":67}},"10":{"start":{"line":20,"column":13},"end":{"line":20,"column":67}},"11":{"start":{"line":22,"column":15},"end":{"line":22,"column":60}},"12":{"start":{"line":24,"column":2},"end":{"line":24,"column":71}},"13":{"start":{"line":24,"column":13},"end":{"line":24,"column":71}},"14":{"start":{"line":26,"column":24},"end":{"line":26,"column":78}},"15":{"start":{"line":27,"column":2},"end":{"line":27,"column":80}},"16":{"start":{"line":27,"column":22},"end":{"line":27,"column":80}},"17":{"start":{"line":29,"column":16},"end":{"line":29,"column":40}},"18":{"start":{"line":31,"column":2},"end":{"line":31,"column":25}},"19":{"start":{"line":34,"column":0},"end":{"line":34,"column":24}}},"fnMap":{"0":{"name":"validateUser","decl":{"start":{"line":8,"column":9},"end":{"line":8,"column":21}},"loc":{"start":{"line":8,"column":27},"end":{"line":16,"column":1}},"line":8},"1":{"name":"(anonymous_1)","decl":{"start":{"line":18,"column":17},"end":{"line":18,"column":18}},"loc":{"start":{"line":18,"column":37},"end":{"line":32,"column":1}},"line":18}},"branchMap":{"0":{"loc":{"start":{"line":20,"column":2},"end":{"line":20,"column":67}},"type":"if","locations":[{"start":{"line":20,"column":2},"end":{"line":20,"column":67}},{"start":{"line":20,"column":2},"end":{"line":20,"column":67}}],"line":20},"1":{"loc":{"start":{"line":24,"column":2},"end":{"line":24,"column":71}},"type":"if","locations":[{"start":{"line":24,"column":2},"end":{"line":24,"column":71}},{"start":{"line":24,"column":2},"end":{"line":24,"column":71}}],"line":24},"2":{"loc":{"start":{"line":27,"column":2},"end":{"line":27,"column":80}},"type":"if","locations":[{"start":{"line":27,"column":2},"end":{"line":27,"column":80}},{"start":{"line":27,"column":2},"end":{"line":27,"column":80}}],"line":27}},"s":{"0":2,"1":2,"2":2,"3":2,"4":2,"5":0,"6":0,"7":2,"8":0,"9":0,"10":0,"11":0,"12":0,"13":0,"14":0,"15":0,"16":0,"17":0,"18":0,"19":2},"f":{"0":0,"1":0},"b":{"0":[0,0],"1":[0,0],"2":[0,0]},"_coverageSchema":"1a1c01bbd47fc00a2c39e90264f33305004495a9","hash":"856031e733d575d65a70f7ba29ecf5ddb92eb166"}
,"/home/zeilotech/Desktop/Microverse/NodeJS/vidly/routes/customers.js": {"path":"/home/zeilotech/Desktop/Microverse/NodeJS/vidly/routes/customers.js","statementMap":{"0":{"start":{"line":1,"column":19},"end":{"line":1,"column":37}},"1":{"start":{"line":2,"column":25},"end":{"line":2,"column":66}},"2":{"start":{"line":4,"column":15},"end":{"line":4,"column":23}},"3":{"start":{"line":12,"column":4},"end":{"line":12,"column":39}},"4":{"start":{"line":14,"column":0},"end":{"line":14,"column":23}},"5":{"start":{"line":16,"column":0},"end":{"line":16,"column":43}},"6":{"start":{"line":18,"column":0},"end":{"line":18,"column":25}},"7":{"start":{"line":20,"column":0},"end":{"line":20,"column":45}},"8":{"start":{"line":22,"column":0},"end":{"line":22,"column":49}},"9":{"start":{"line":24,"column":0},"end":{"line":24,"column":24}}},"fnMap":{},"branchMap":{},"s":{"0":2,"1":2,"2":2,"3":2,"4":2,"5":2,"6":2,"7":2,"8":2,"9":2},"f":{},"b":{},"_coverageSchema":"1a1c01bbd47fc00a2c39e90264f33305004495a9","hash":"4329bac273feddae941a9989534c74aaae3e9f7f"}
,"/home/zeilotech/Desktop/Microverse/NodeJS/vidly/routes/genres.js": {"path":"/home/zeilotech/Desktop/Microverse/NodeJS/vidly/routes/genres.js","statementMap":{"0":{"start":{"line":1,"column":19},"end":{"line":1,"column":37}},"1":{"start":{"line":2,"column":13},"end":{"line":2,"column":42}},"2":{"start":{"line":3,"column":14},"end":{"line":3,"column":44}},"3":{"start":{"line":4,"column":25},"end":{"line":4,"column":66}},"4":{"start":{"line":12,"column":4},"end":{"line":12,"column":36}},"5":{"start":{"line":14,"column":15},"end":{"line":14,"column":23}},"6":{"start":{"line":16,"column":0},"end":{"line":16,"column":23}},"7":{"start":{"line":18,"column":0},"end":{"line":18,"column":31}},"8":{"start":{"line":20,"column":0},"end":{"line":20,"column":53}},"9":{"start":{"line":22,"column":0},"end":{"line":22,"column":64}},"10":{"start":{"line":24,"column":0},"end":{"line":24,"column":43}},"11":{"start":{"line":26,"column":0},"end":{"line":26,"column":24}}},"fnMap":{},"branchMap":{},"s":{"0":2,"1":2,"2":2,"3":2,"4":2,"5":2,"6":2,"7":2,"8":2,"9":2,"10":2,"11":2},"f":{},"b":{},"_coverageSchema":"1a1c01bbd47fc00a2c39e90264f33305004495a9","hash":"d87ca3359df7f4b057817ee13807e3cc317320a6"}
,"/home/zeilotech/Desktop/Microverse/NodeJS/vidly/routes/movies.js": {"path":"/home/zeilotech/Desktop/Microverse/NodeJS/vidly/routes/movies.js","statementMap":{"0":{"start":{"line":1,"column":19},"end":{"line":1,"column":37}},"1":{"start":{"line":2,"column":25},"end":{"line":2,"column":66}},"2":{"start":{"line":10,"column":4},"end":{"line":10,"column":36}},"3":{"start":{"line":12,"column":15},"end":{"line":12,"column":23}},"4":{"start":{"line":14,"column":0},"end":{"line":14,"column":23}},"5":{"start":{"line":16,"column":0},"end":{"line":16,"column":25}},"6":{"start":{"line":18,"column":0},"end":{"line":18,"column":45}},"7":{"start":{"line":20,"column":0},"end":{"line":20,"column":49}},"8":{"start":{"line":22,"column":0},"end":{"line":22,"column":43}},"9":{"start":{"line":24,"column":0},"end":{"line":24,"column":24}}},"fnMap":{},"branchMap":{},"s":{"0":2,"1":2,"2":2,"3":2,"4":2,"5":2,"6":2,"7":2,"8":2,"9":2},"f":{},"b":{},"_coverageSchema":"1a1c01bbd47fc00a2c39e90264f33305004495a9","hash":"b37a563fe01a478f037c1e0515734a06929eec81"}
,"/home/zeilotech/Desktop/Microverse/NodeJS/vidly/routes/rentals.js": {"path":"/home/zeilotech/Desktop/Microverse/NodeJS/vidly/routes/rentals.js","statementMap":{"0":{"start":{"line":1,"column":19},"end":{"line":1,"column":37}},"1":{"start":{"line":2,"column":25},"end":{"line":2,"column":66}},"2":{"start":{"line":7,"column":4},"end":{"line":7,"column":37}},"3":{"start":{"line":9,"column":15},"end":{"line":9,"column":23}},"4":{"start":{"line":11,"column":0},"end":{"line":11,"column":23}},"5":{"start":{"line":13,"column":0},"end":{"line":13,"column":25}},"6":{"start":{"line":15,"column":0},"end":{"line":15,"column":43}},"7":{"start":{"line":17,"column":0},"end":{"line":17,"column":24}}},"fnMap":{},"branchMap":{},"s":{"0":2,"1":2,"2":2,"3":2,"4":2,"5":2,"6":2,"7":2},"f":{},"b":{},"_coverageSchema":"1a1c01bbd47fc00a2c39e90264f33305004495a9","hash":"fdaca1bc635c67dcf98032c2e8933351c7c5275c"}
,"/home/zeilotech/Desktop/Microverse/NodeJS/vidly/routes/users.js": {"path":"/home/zeilotech/Desktop/Microverse/NodeJS/vidly/routes/users.js","statementMap":{"0":{"start":{"line":1,"column":19},"end":{"line":1,"column":37}},"1":{"start":{"line":2,"column":13},"end":{"line":2,"column":42}},"2":{"start":{"line":3,"column":25},"end":{"line":3,"column":56}},"3":{"start":{"line":5,"column":15},"end":{"line":5,"column":23}},"4":{"start":{"line":7,"column":0},"end":{"line":7,"column":30}},"5":{"start":{"line":9,"column":0},"end":{"line":9,"column":25}},"6":{"start":{"line":11,"column":0},"end":{"line":11,"column":24}}},"fnMap":{},"branchMap":{},"s":{"0":2,"1":2,"2":2,"3":2,"4":2,"5":2,"6":2},"f":{},"b":{},"_coverageSchema":"1a1c01bbd47fc00a2c39e90264f33305004495a9","hash":"69e36050bb86481ca9889a97b81c30343c365173"}
,"/home/zeilotech/Desktop/Microverse/NodeJS/vidly/startup/config.js": {"path":"/home/zeilotech/Desktop/Microverse/NodeJS/vidly/startup/config.js","statementMap":{"0":{"start":{"line":1,"column":15},"end":{"line":1,"column":32}},"1":{"start":{"line":3,"column":0},"end":{"line":7,"column":2}},"2":{"start":{"line":4,"column":2},"end":{"line":6,"column":3}},"3":{"start":{"line":5,"column":4},"end":{"line":5,"column":65}}},"fnMap":{"0":{"name":"(anonymous_0)","decl":{"start":{"line":3,"column":17},"end":{"line":3,"column":18}},"loc":{"start":{"line":3,"column":23},"end":{"line":7,"column":1}},"line":3}},"branchMap":{"0":{"loc":{"start":{"line":4,"column":2},"end":{"line":6,"column":3}},"type":"if","locations":[{"start":{"line":4,"column":2},"end":{"line":6,"column":3}},{"start":{"line":4,"column":2},"end":{"line":6,"column":3}}],"line":4}},"s":{"0":2,"1":2,"2":2,"3":0},"f":{"0":2},"b":{"0":[0,2]},"_coverageSchema":"1a1c01bbd47fc00a2c39e90264f33305004495a9","hash":"63361f02f91edeb478581a39f5e70f483df4a742"}
,"/home/zeilotech/Desktop/Microverse/NodeJS/vidly/startup/db.js": {"path":"/home/zeilotech/Desktop/Microverse/NodeJS/vidly/startup/db.js","statementMap":{"0":{"start":{"line":1,"column":15},"end":{"line":1,"column":32}},"1":{"start":{"line":2,"column":17},"end":{"line":2,"column":36}},"2":{"start":{"line":3,"column":15},"end":{"line":3,"column":35}},"3":{"start":{"line":5,"column":0},"end":{"line":14,"column":2}},"4":{"start":{"line":6,"column":13},"end":{"line":6,"column":29}},"5":{"start":{"line":7,"column":2},"end":{"line":13,"column":54}},"6":{"start":{"line":13,"column":16},"end":{"line":13,"column":52}}},"fnMap":{"0":{"name":"(anonymous_0)","decl":{"start":{"line":5,"column":17},"end":{"line":5,"column":18}},"loc":{"start":{"line":5,"column":23},"end":{"line":14,"column":1}},"line":5},"1":{"name":"(anonymous_1)","decl":{"start":{"line":13,"column":10},"end":{"line":13,"column":11}},"loc":{"start":{"line":13,"column":16},"end":{"line":13,"column":52}},"line":13}},"branchMap":{},"s":{"0":2,"1":2,"2":2,"3":2,"4":2,"5":2,"6":2},"f":{"0":2,"1":2},"b":{},"_coverageSchema":"1a1c01bbd47fc00a2c39e90264f33305004495a9","hash":"65bcd312436c4b14505bb41b7c998878203e6572"}
,"/home/zeilotech/Desktop/Microverse/NodeJS/vidly/startup/logging.js": {"path":"/home/zeilotech/Desktop/Microverse/NodeJS/vidly/startup/logging.js","statementMap":{"0":{"start":{"line":1,"column":16},"end":{"line":1,"column":34}},"1":{"start":{"line":3,"column":0},"end":{"line":3,"column":32}},"2":{"start":{"line":5,"column":0},"end":{"line":24,"column":3}}},"fnMap":{},"branchMap":{},"s":{"0":2,"1":2,"2":2},"f":{},"b":{},"_coverageSchema":"1a1c01bbd47fc00a2c39e90264f33305004495a9","hash":"17baf50e1a7667c4bf30f05e05804bb8e3592adc"}
,"/home/zeilotech/Desktop/Microverse/NodeJS/vidly/startup/routes.js": {"path":"/home/zeilotech/Desktop/Microverse/NodeJS/vidly/startup/routes.js","statementMap":{"0":{"start":{"line":1,"column":16},"end":{"line":1,"column":34}},"1":{"start":{"line":2,"column":13},"end":{"line":2,"column":38}},"2":{"start":{"line":3,"column":14},"end":{"line":3,"column":40}},"3":{"start":{"line":4,"column":15},"end":{"line":4,"column":42}},"4":{"start":{"line":5,"column":15},"end":{"line":5,"column":42}},"5":{"start":{"line":6,"column":16},"end":{"line":6,"column":44}},"6":{"start":{"line":7,"column":18},"end":{"line":7,"column":48}},"7":{"start":{"line":8,"column":14},"end":{"line":8,"column":44}},"8":{"start":{"line":10,"column":0},"end":{"line":19,"column":2}},"9":{"start":{"line":11,"column":2},"end":{"line":11,"column":26}},"10":{"start":{"line":12,"column":2},"end":{"line":12,"column":33}},"11":{"start":{"line":13,"column":2},"end":{"line":13,"column":33}},"12":{"start":{"line":14,"column":2},"end":{"line":14,"column":31}},"13":{"start":{"line":15,"column":2},"end":{"line":15,"column":35}},"14":{"start":{"line":16,"column":2},"end":{"line":16,"column":39}},"15":{"start":{"line":17,"column":2},"end":{"line":17,"column":29}},"16":{"start":{"line":18,"column":2},"end":{"line":18,"column":17}}},"fnMap":{"0":{"name":"(anonymous_0)","decl":{"start":{"line":10,"column":17},"end":{"line":10,"column":18}},"loc":{"start":{"line":10,"column":26},"end":{"line":19,"column":1}},"line":10}},"branchMap":{},"s":{"0":2,"1":2,"2":2,"3":2,"4":2,"5":2,"6":2,"7":2,"8":2,"9":2,"10":2,"11":2,"12":2,"13":2,"14":2,"15":2,"16":2},"f":{"0":2},"b":{},"_coverageSchema":"1a1c01bbd47fc00a2c39e90264f33305004495a9","hash":"eb1e2b80f29124c5b2f5815c1365f6d177007528"}
,"/home/zeilotech/Desktop/Microverse/NodeJS/vidly/startup/validation.js": {"path":"/home/zeilotech/Desktop/Microverse/NodeJS/vidly/startup/validation.js","statementMap":{"0":{"start":{"line":1,"column":12},"end":{"line":1,"column":26}},"1":{"start":{"line":2,"column":17},"end":{"line":2,"column":45}},"2":{"start":{"line":4,"column":0},"end":{"line":6,"column":2}},"3":{"start":{"line":5,"column":2},"end":{"line":5,"column":26}}},"fnMap":{"0":{"name":"(anonymous_0)","decl":{"start":{"line":4,"column":17},"end":{"line":4,"column":18}},"loc":{"start":{"line":4,"column":23},"end":{"line":6,"column":1}},"line":4}},"branchMap":{},"s":{"0":2,"1":2,"2":2,"3":2},"f":{"0":2},"b":{},"_coverageSchema":"1a1c01bbd47fc00a2c39e90264f33305004495a9","hash":"651d26995dc243afcca41e70ad544d28e4e6414e"}
}
